1513048304905	geckodriver	INFO	geckodriver 0.18.0
1513048304921	geckodriver	INFO	Listening on 127.0.0.1:10333
1513048305478	geckodriver::marionette	INFO	Starting browser C:\Program Files\Firefox\firefox.exe with args ["-marionette"]
1513048306473	Marionette	INFO	Enabled via --marionette
[Child 4524, Chrome_ChildThread] WARNING: pipe error: 109: file z:/build/build/src/ipc/chromium/src/chrome/common/ipc_channel_win.cc, line 346
[Child 4524, Chrome_ChildThread] WARNING: pipe error: 109: file z:/build/build/src/ipc/chromium/src/chrome/common/ipc_channel_win.cc, line 346
1513048309370	Marionette	INFO	Listening on port 10337
1513048309616	Marionette	WARN	TLS certificate errors will be ignored for this session
1513048309727	Marionette	DEBUG	Register listener.js for window 4294967297
1513048309789	Marionette	DEBUG	Received DOM event "beforeunload" for "about:blank"
1513048310067	Marionette	DEBUG	Received DOM event "pagehide" for "about:blank"
1513048310068	Marionette	DEBUG	Received DOM event "unload" for "about:blank"
JavaScript error: http://alexa.chinaz.com/js/alexa_chinaz.aspx?F=20&D=http://alexa.chinaz.com&I=alexa_input&S=alexa_submit&W=%E6%8E%92%E5%90%8D%E6%9F%A5%E8%AF%A2, line 3: SyntaxError: expected expression, got '<'
1513048310835	Marionette	DEBUG	Received DOM event "DOMContentLoaded" for "http://www.maiyanx.com/"
1513048312136	Marionette	DEBUG	Received DOM event "pageshow" for "http://www.maiyanx.com/"
[Parent 3488, Gecko_IOThread] WARNING: pipe error: 109: file z:/build/build/src/ipc/chromium/src/chrome/common/ipc_channel_win.cc, line 346
[Child 7404, Chrome_ChildThread] WARNING: pipe error: 109: file z:/build/build/src/ipc/chromium/src/chrome/common/ipc_channel_win.cc, line 346
[Parent 3488, Gecko_IOThread] WARNING: pipe error: 109: file z:/build/build/src/ipc/chromium/src/chrome/common/ipc_channel_win.cc, line 346
[Child 9476, Chrome_ChildThread] WARNING: pipe error: 109: file z:/build/build/src/ipc/chromium/src/chrome/common/ipc_channel_win.cc, line 346
[Child 9476, Chrome_ChildThread] WARNING: pipe error: 109: file z:/build/build/src/ipc/chromium/src/chrome/common/ipc_channel_win.cc, line 346
*** UTM:SVC TimerManager:registerTimer called after profile-before-change notification. Ignoring timer registration for id: telemetry_modules_ping
[GPU 8224, Chrome_ChildThread] WARNING: pipe error: 109: file z:/build/build/src/ipc/chromium/src/chrome/common/ipc_channel_win.cc, line 346

###!!! [Child][MessageChannel::SendAndWait] Error: Channel error: cannot send/recv

